Connecting to database specified by database.yml
Connecting to database specified by database.yml
Couldn't find SolrDocument
Connecting to database specified by database.yml
Couldn't find SolrDocument
Connecting to database specified by database.yml
Couldn't find SolrDocument
  [1m[36m (0.1ms)[0m  [1mselect sqlite_version(*)[0m
  [1m[35m (4.8ms)[0m  CREATE TABLE "schema_migrations" ("version" varchar(255) NOT NULL) 
  [1m[36m (3.8ms)[0m  [1mCREATE UNIQUE INDEX "unique_schema_migrations" ON "schema_migrations" ("version")[0m
  [1m[35m (0.5ms)[0m  SELECT "schema_migrations"."version" FROM "schema_migrations" 
Connecting to database specified by database.yml
Couldn't find SolrDocument
Downloading jetty at https://github.com/projecthydra/hydra-jetty/archive/v7.0.0.zip ...
Unpacking jetty...
Connecting to database specified by database.yml
Couldn't find SolrDocument
Connecting to database specified by database.yml
Couldn't find SolrDocument
Connecting to database specified by database.yml
Couldn't find SolrDocument
Connecting to database specified by database.yml
Couldn't find SolrDocument
Connecting to database specified by database.yml
Couldn't find SolrDocument
Connecting to database specified by database.yml
Couldn't find SolrDocument
Connecting to database specified by database.yml
Couldn't find SolrDocument
